[36mINFO [0m 2025/01/10 15:51:07 C:/Users/PRO/Documents/GoProjects/bookstore/pkg/utils/logger.go:92: [main.go:157] Starting server on port 8080...
[36mINFO [0m 2025/01/10 15:51:07 C:/Users/PRO/Documents/GoProjects/bookstore/pkg/utils/logger.go:92: [main.go:149] Starting sales reporter...
[31mERROR[0m 2025/01/10 15:51:07 C:/Users/PRO/Documents/GoProjects/bookstore/pkg/utils/logger.go:92: [main.go:159] Server failed: listen tcp :8080: bind: Only one usage of each socket address (protocol/network address/port) is normally permitted.
[36mINFO [0m 2025/01/10 15:53:58 C:/Users/PRO/Documents/GoProjects/bookstore/pkg/utils/logger.go:92: [main.go:157] Starting server on port 8080...
[36mINFO [0m 2025/01/10 15:53:58 C:/Users/PRO/Documents/GoProjects/bookstore/pkg/utils/logger.go:92: [main.go:149] Starting sales reporter...
[31mERROR[0m 2025/01/10 15:53:58 C:/Users/PRO/Documents/GoProjects/bookstore/pkg/utils/logger.go:92: [main.go:159] Server failed: listen tcp :8080: bind: Only one usage of each socket address (protocol/network address/port) is normally permitted.
[36mINFO [0m 2025/01/10 15:55:11 C:/Users/PRO/Documents/GoProjects/bookstore/pkg/utils/logger.go:92: [main.go:157] Starting server on port 8080...
[36mINFO [0m 2025/01/10 15:55:11 C:/Users/PRO/Documents/GoProjects/bookstore/pkg/utils/logger.go:92: [main.go:149] Starting sales reporter...
[31mERROR[0m 2025/01/10 15:55:11 C:/Users/PRO/Documents/GoProjects/bookstore/pkg/utils/logger.go:92: [main.go:159] Server failed: listen tcp :8080: bind: Only one usage of each socket address (protocol/network address/port) is normally permitted.
[36mINFO [0m 2025/01/10 15:58:06 C:/Users/PRO/Documents/GoProjects/bookstore/pkg/utils/logger.go:92: [main.go:157] Starting server on port 8081...
[36mINFO [0m 2025/01/10 15:58:06 C:/Users/PRO/Documents/GoProjects/bookstore/pkg/utils/logger.go:92: [main.go:149] Starting sales reporter...
[36mINFO [0m 2025/01/10 16:03:26 C:/Users/PRO/Documents/GoProjects/bookstore/pkg/utils/logger.go:92: [logger.go:111] HTTP GET /api/books 200 0s
[36mINFO [0m 2025/01/10 16:25:13 C:/Users/PRO/Documents/GoProjects/bookstore/pkg/utils/logger.go:92: [main.go:170] Received signal: interrupt. Initiating shutdown...
[31mERROR[0m 2025/01/10 16:25:43 C:/Users/PRO/Documents/GoProjects/bookstore/pkg/utils/logger.go:92: [main.go:181] Server shutdown failed: context deadline exceeded
[36mINFO [0m 2025/01/10 16:25:43 C:/Users/PRO/Documents/GoProjects/bookstore/pkg/utils/logger.go:92: [main.go:184] Server shutdown complete
[36mINFO [0m 2025/01/10 16:44:18 C:/Users/PRO/Documents/GoProjects/bookstore/pkg/utils/logger.go:92: [main.go:144] Starting server on port 8080...
[36mINFO [0m 2025/01/10 16:44:18 C:/Users/PRO/Documents/GoProjects/bookstore/pkg/utils/logger.go:92: [main.go:137] Starting sales reporter...
[36mINFO [0m 2025/01/10 16:47:43 C:/Users/PRO/Documents/GoProjects/bookstore/pkg/utils/logger.go:92: [main.go:155] Received signal: interrupt. Initiating shutdown...
[31mERROR[0m 2025/01/10 16:48:13 C:/Users/PRO/Documents/GoProjects/bookstore/pkg/utils/logger.go:92: [main.go:163] Server shutdown failed: context deadline exceeded
[36mINFO [0m 2025/01/10 16:48:13 C:/Users/PRO/Documents/GoProjects/bookstore/pkg/utils/logger.go:92: [main.go:166] Server shutdown complete
[36mINFO [0m 2025/01/10 16:48:43 C:/Users/PRO/Documents/GoProjects/bookstore/pkg/utils/logger.go:92: [main.go:137] Starting sales reporter...
[36mINFO [0m 2025/01/10 16:48:43 C:/Users/PRO/Documents/GoProjects/bookstore/pkg/utils/logger.go:92: [main.go:144] Starting server on port 8080...
[36mINFO [0m 2025/01/10 16:54:57 C:/Users/PRO/Documents/GoProjects/bookstore/pkg/utils/logger.go:92: [main.go:155] Received signal: interrupt. Initiating shutdown...
[31mERROR[0m 2025/01/10 16:55:27 C:/Users/PRO/Documents/GoProjects/bookstore/pkg/utils/logger.go:92: [main.go:163] Server shutdown failed: context deadline exceeded
[36mINFO [0m 2025/01/10 16:55:27 C:/Users/PRO/Documents/GoProjects/bookstore/pkg/utils/logger.go:92: [main.go:166] Server shutdown complete
[36mINFO [0m 2025/01/10 16:55:27 C:/Users/PRO/Documents/GoProjects/bookstore/pkg/utils/logger.go:92: [main.go:138] Starting sales reporter...
[36mINFO [0m 2025/01/10 16:55:27 C:/Users/PRO/Documents/GoProjects/bookstore/pkg/utils/logger.go:92: [main.go:145] Starting server on port 8080...
[36mINFO [0m 2025/01/10 17:11:39 C:/Users/PRO/Documents/GoProjects/bookstore/pkg/utils/logger.go:92: [main.go:156] Received signal: interrupt. Initiating shutdown...
[36mINFO [0m 2025/01/10 17:11:39 C:/Users/PRO/Documents/GoProjects/bookstore/pkg/utils/logger.go:92: [main.go:167] Server shutdown complete
[36mINFO [0m 2025/01/10 17:11:44 C:/Users/PRO/Documents/GoProjects/bookstore/pkg/utils/logger.go:92: [main.go:138] Starting sales reporter...
[36mINFO [0m 2025/01/10 17:11:44 C:/Users/PRO/Documents/GoProjects/bookstore/pkg/utils/logger.go:92: [main.go:145] Starting server on port 8080...
[36mINFO [0m 2025/01/10 17:13:36 C:/Users/PRO/Documents/GoProjects/bookstore/pkg/utils/logger.go:92: [main.go:156] Received signal: interrupt. Initiating shutdown...
[36mINFO [0m 2025/01/10 17:14:01 C:/Users/PRO/Documents/GoProjects/bookstore/pkg/utils/logger.go:92: [main.go:138] Starting sales reporter...
[36mINFO [0m 2025/01/10 17:14:01 C:/Users/PRO/Documents/GoProjects/bookstore/pkg/utils/logger.go:92: [main.go:145] Starting server on port 8080...
[31mERROR[0m 2025/01/10 17:14:06 C:/Users/PRO/Documents/GoProjects/bookstore/pkg/utils/logger.go:92: [main.go:164] Server shutdown failed: context deadline exceeded
[36mINFO [0m 2025/01/10 17:14:06 C:/Users/PRO/Documents/GoProjects/bookstore/pkg/utils/logger.go:92: [main.go:167] Server shutdown complete
[36mINFO [0m 2025/01/10 23:37:20 C:/Users/PRO/Documents/GoProjects/bookstore/pkg/utils/logger.go:92: [main.go:145] Starting server on port 8080...
[36mINFO [0m 2025/01/10 23:37:20 C:/Users/PRO/Documents/GoProjects/bookstore/pkg/utils/logger.go:92: [main.go:138] Starting sales reporter...
[36mINFO [0m 2025/01/10 23:51:18 C:/Users/PRO/Documents/GoProjects/bookstore/pkg/utils/logger.go:92: [main.go:156] Received signal: interrupt. Initiating shutdown...
[31mERROR[0m 2025/01/10 23:51:48 C:/Users/PRO/Documents/GoProjects/bookstore/pkg/utils/logger.go:92: [main.go:164] Server shutdown failed: context deadline exceeded
[36mINFO [0m 2025/01/10 23:51:48 C:/Users/PRO/Documents/GoProjects/bookstore/pkg/utils/logger.go:92: [main.go:167] Server shutdown complete
[36mINFO [0m 2025/01/10 23:51:54 C:/Users/PRO/Documents/GoProjects/bookstore/pkg/utils/logger.go:92: [main.go:138] Starting sales reporter...
[36mINFO [0m 2025/01/10 23:51:54 C:/Users/PRO/Documents/GoProjects/bookstore/pkg/utils/logger.go:92: [main.go:145] Starting server on port 8080...
[36mINFO [0m 2025/01/11 00:04:00 C:/Users/PRO/Documents/GoProjects/bookstore/pkg/utils/logger.go:92: [main.go:156] Received signal: interrupt. Initiating shutdown...
[31mERROR[0m 2025/01/11 00:04:30 C:/Users/PRO/Documents/GoProjects/bookstore/pkg/utils/logger.go:92: [main.go:164] Server shutdown failed: context deadline exceeded
[36mINFO [0m 2025/01/11 00:04:30 C:/Users/PRO/Documents/GoProjects/bookstore/pkg/utils/logger.go:92: [main.go:167] Server shutdown complete
[36mINFO [0m 2025/01/11 00:04:44 C:/Users/PRO/Documents/GoProjects/bookstore/pkg/utils/logger.go:92: [main.go:138] Starting sales reporter...
[36mINFO [0m 2025/01/11 00:04:44 C:/Users/PRO/Documents/GoProjects/bookstore/pkg/utils/logger.go:92: [main.go:145] Starting server on port 8080...
[36mINFO [0m 2025/01/11 00:26:40 C:/Users/PRO/Documents/GoProjects/bookstore/pkg/utils/logger.go:92: [main.go:153] Starting server on port 8080...
[36mINFO [0m 2025/01/11 00:26:40 C:/Users/PRO/Documents/GoProjects/bookstore/pkg/utils/logger.go:92: [main.go:145] Starting sales reporter...
[31mERROR[0m 2025/01/11 00:26:40 C:/Users/PRO/Documents/GoProjects/bookstore/pkg/utils/logger.go:92: [main.go:155] Server failed: listen tcp :8080: bind: Only one usage of each socket address (protocol/network address/port) is normally permitted.
[36mINFO [0m 2025/01/11 00:27:50 C:/Users/PRO/Documents/GoProjects/bookstore/pkg/utils/logger.go:92: [main.go:145] Starting sales reporter...
[36mINFO [0m 2025/01/11 00:27:50 C:/Users/PRO/Documents/GoProjects/bookstore/pkg/utils/logger.go:92: [main.go:153] Starting server on port 8080...
[36mINFO [0m 2025/01/11 00:39:50 C:/Users/PRO/Documents/GoProjects/bookstore/pkg/utils/logger.go:92: [logger.go:111] HTTP GET /ping 404 0s
[36mINFO [0m 2025/01/11 00:40:00 C:/Users/PRO/Documents/GoProjects/bookstore/pkg/utils/logger.go:92: [main.go:165] Received signal: interrupt. Initiating shutdown...
[31mERROR[0m 2025/01/11 00:40:30 C:/Users/PRO/Documents/GoProjects/bookstore/pkg/utils/logger.go:92: [main.go:173] Server shutdown failed: context deadline exceeded
[36mINFO [0m 2025/01/11 00:40:30 C:/Users/PRO/Documents/GoProjects/bookstore/pkg/utils/logger.go:92: [main.go:176] Server shutdown complete
[36mINFO [0m 2025/01/11 00:40:30 C:/Users/PRO/Documents/GoProjects/bookstore/pkg/utils/logger.go:92: [main.go:148] Starting sales reporter...
[36mINFO [0m 2025/01/11 00:40:30 C:/Users/PRO/Documents/GoProjects/bookstore/pkg/utils/logger.go:92: [main.go:156] Starting server on port 8080...
[36mINFO [0m 2025/01/11 00:40:36 C:/Users/PRO/Documents/GoProjects/bookstore/pkg/utils/logger.go:92: [logger.go:111] HTTP GET /ping 200 0s
[36mINFO [0m 2025/01/11 00:42:04 C:/Users/PRO/Documents/GoProjects/bookstore/pkg/utils/logger.go:92: [logger.go:111] HTTP GET /api/authors 200 0s
[36mINFO [0m 2025/01/11 00:42:18 C:/Users/PRO/Documents/GoProjects/bookstore/pkg/utils/logger.go:92: [logger.go:111] HTTP GET /api/authors 200 0s
[36mINFO [0m 2025/01/11 00:44:01 C:/Users/PRO/Documents/GoProjects/bookstore/pkg/utils/logger.go:92: [logger.go:111] HTTP GET /ping 200 0s
[36mINFO [0m 2025/01/11 01:00:14 C:/Users/PRO/Documents/GoProjects/bookstore/pkg/utils/logger.go:92: [main.go:156] Starting server on port 8080...
[36mINFO [0m 2025/01/11 01:00:14 C:/Users/PRO/Documents/GoProjects/bookstore/pkg/utils/logger.go:92: [main.go:148] Starting sales reporter...
[31mERROR[0m 2025/01/11 01:00:14 C:/Users/PRO/Documents/GoProjects/bookstore/pkg/utils/logger.go:92: [main.go:158] Server failed: listen tcp :8080: bind: Only one usage of each socket address (protocol/network address/port) is normally permitted.
[36mINFO [0m 2025/01/11 01:02:16 C:/Users/PRO/Documents/GoProjects/bookstore/pkg/utils/logger.go:92: [main.go:148] Starting sales reporter...
[36mINFO [0m 2025/01/11 01:02:16 C:/Users/PRO/Documents/GoProjects/bookstore/pkg/utils/logger.go:92: [main.go:156] Starting server on port 8080...
[36mINFO [0m 2025/01/11 16:33:47 C:/Users/PRO/Documents/GoProjects/bookstore/pkg/utils/logger.go:92: [main.go:168] Received signal: interrupt. Initiating shutdown...
[36mINFO [0m 2025/01/11 16:34:11 C:/Users/PRO/Documents/GoProjects/bookstore/pkg/utils/logger.go:92: [main.go:148] Starting sales reporter...
[36mINFO [0m 2025/01/11 16:34:11 C:/Users/PRO/Documents/GoProjects/bookstore/pkg/utils/logger.go:92: [main.go:156] Starting server on port 8080...
[31mERROR[0m 2025/01/11 16:34:17 C:/Users/PRO/Documents/GoProjects/bookstore/pkg/utils/logger.go:92: [main.go:176] Server shutdown failed: context deadline exceeded
[36mINFO [0m 2025/01/11 16:34:17 C:/Users/PRO/Documents/GoProjects/bookstore/pkg/utils/logger.go:92: [main.go:179] Server shutdown complete
[36mINFO [0m 2025/01/11 16:40:38 C:/Users/PRO/Documents/GoProjects/bookstore/pkg/utils/logger.go:92: [main.go:168] Received signal: interrupt. Initiating shutdown...
[36mINFO [0m 2025/01/11 16:40:56 C:/Users/PRO/Documents/GoProjects/bookstore/pkg/utils/logger.go:92: [main.go:148] Starting sales reporter...
[36mINFO [0m 2025/01/11 16:40:56 C:/Users/PRO/Documents/GoProjects/bookstore/pkg/utils/logger.go:92: [main.go:156] Starting server on port 8080...
[36mINFO [0m 2025/01/11 16:41:02 C:/Users/PRO/Documents/GoProjects/bookstore/pkg/utils/logger.go:92: [logger.go:111] HTTP POST /api/authors 201 1.0448ms
[31mERROR[0m 2025/01/11 16:41:08 C:/Users/PRO/Documents/GoProjects/bookstore/pkg/utils/logger.go:92: [main.go:176] Server shutdown failed: context deadline exceeded
[36mINFO [0m 2025/01/11 16:41:08 C:/Users/PRO/Documents/GoProjects/bookstore/pkg/utils/logger.go:92: [main.go:179] Server shutdown complete
[36mINFO [0m 2025/01/11 16:47:42 C:/Users/PRO/Documents/GoProjects/bookstore/pkg/utils/logger.go:92: [main.go:168] Received signal: interrupt. Initiating shutdown...
[36mINFO [0m 2025/01/11 16:47:42 C:/Users/PRO/Documents/GoProjects/bookstore/pkg/utils/logger.go:92: [main.go:179] Server shutdown complete
[36mINFO [0m 2025/01/11 16:47:49 C:/Users/PRO/Documents/GoProjects/bookstore/pkg/utils/logger.go:92: [main.go:156] Starting server on port 8080...
[36mINFO [0m 2025/01/11 16:47:49 C:/Users/PRO/Documents/GoProjects/bookstore/pkg/utils/logger.go:92: [main.go:148] Starting sales reporter...
[36mINFO [0m 2025/01/11 16:47:55 C:/Users/PRO/Documents/GoProjects/bookstore/pkg/utils/logger.go:92: [logger.go:111] HTTP POST /api/authors 201 1.6568ms
[36mINFO [0m 2025/01/11 16:49:45 C:/Users/PRO/Documents/GoProjects/bookstore/pkg/utils/logger.go:92: [logger.go:111] HTTP GET /api/authors 200 0s
[36mINFO [0m 2025/01/11 16:50:04 C:/Users/PRO/Documents/GoProjects/bookstore/pkg/utils/logger.go:92: [logger.go:111] HTTP GET /api/authors/1 200 0s
[36mINFO [0m 2025/01/11 16:50:23 C:/Users/PRO/Documents/GoProjects/bookstore/pkg/utils/logger.go:92: [logger.go:111] HTTP GET /api/books 200 0s
[36mINFO [0m 2025/01/11 16:58:31 C:/Users/PRO/Documents/GoProjects/bookstore/pkg/utils/logger.go:92: [main.go:168] Received signal: interrupt. Initiating shutdown...
[36mINFO [0m 2025/01/11 16:58:51 C:/Users/PRO/Documents/GoProjects/bookstore/pkg/utils/logger.go:92: [main.go:148] Starting sales reporter...
[36mINFO [0m 2025/01/11 16:58:51 C:/Users/PRO/Documents/GoProjects/bookstore/pkg/utils/logger.go:92: [main.go:156] Starting server on port 8080...
[31mERROR[0m 2025/01/11 16:59:01 C:/Users/PRO/Documents/GoProjects/bookstore/pkg/utils/logger.go:92: [main.go:176] Server shutdown failed: context deadline exceeded
[36mINFO [0m 2025/01/11 16:59:01 C:/Users/PRO/Documents/GoProjects/bookstore/pkg/utils/logger.go:92: [main.go:179] Server shutdown complete
[36mINFO [0m 2025/01/11 16:59:23 C:/Users/PRO/Documents/GoProjects/bookstore/pkg/utils/logger.go:92: [logger.go:111] HTTP POST /api/books 201 503µs
[36mINFO [0m 2025/01/11 17:23:00 C:/Users/PRO/Documents/GoProjects/bookstore/pkg/utils/logger.go:92: [logger.go:111] HTTP POST /api/orders 201 1.2195ms
[36mINFO [0m 2025/01/11 17:23:36 C:/Users/PRO/Documents/GoProjects/bookstore/pkg/utils/logger.go:92: [logger.go:111] HTTP POST /api/customers 201 1.0378ms
[36mINFO [0m 2025/01/11 17:40:42 C:/Users/PRO/Documents/GoProjects/bookstore/pkg/utils/logger.go:92: [main.go:168] Received signal: interrupt. Initiating shutdown...
[36mINFO [0m 2025/01/11 17:40:42 C:/Users/PRO/Documents/GoProjects/bookstore/pkg/utils/logger.go:92: [main.go:179] Server shutdown complete
[36mINFO [0m 2025/01/11 18:44:50 C:/Users/PRO/Documents/GoProjects/bookstore/pkg/utils/logger.go:92: [main.go:156] Starting server on port 8080...
[36mINFO [0m 2025/01/11 18:44:50 C:/Users/PRO/Documents/GoProjects/bookstore/pkg/utils/logger.go:92: [main.go:148] Starting sales reporter...
[36mINFO [0m 2025/01/11 18:47:07 C:/Users/PRO/Documents/GoProjects/bookstore/pkg/utils/logger.go:92: [logger.go:111] HTTP POST /api/authors 201 7.6253ms
[36mINFO [0m 2025/01/11 20:12:45 /Users/samialachgar/Desktop/bookstore/pkg/utils/logger.go:92: [main.go:156] Starting server on port 8080...
[36mINFO [0m 2025/01/11 20:12:45 /Users/samialachgar/Desktop/bookstore/pkg/utils/logger.go:92: [main.go:148] Starting sales reporter...
[36mINFO [0m 2025/01/11 20:12:54 /Users/samialachgar/Desktop/bookstore/pkg/utils/logger.go:92: [logger.go:111] HTTP GET /api/books 200 186.375µs
[36mINFO [0m 2025/01/11 21:50:30 /Users/samialachgar/Desktop/bookstore/pkg/utils/logger.go:92: [main.go:168] Received signal: interrupt. Initiating shutdown...
[36mINFO [0m 2025/01/11 21:50:30 /Users/samialachgar/Desktop/bookstore/pkg/utils/logger.go:92: [main.go:179] Server shutdown complete
[36mINFO [0m 2025/01/11 21:50:33 /Users/samialachgar/Desktop/bookstore/pkg/utils/logger.go:92: [main.go:156] Starting server on port 8080...
[36mINFO [0m 2025/01/11 21:50:33 /Users/samialachgar/Desktop/bookstore/pkg/utils/logger.go:92: [main.go:148] Starting sales reporter...
[36mINFO [0m 2025/01/11 21:51:24 /Users/samialachgar/Desktop/bookstore/pkg/utils/logger.go:92: [logger.go:111] HTTP POST /api/books 201 1.424583ms
[36mINFO [0m 2025/01/11 21:51:36 /Users/samialachgar/Desktop/bookstore/pkg/utils/logger.go:92: [logger.go:111] HTTP POST /api/books 201 1.089458ms
[36mINFO [0m 2025/01/11 21:52:04 /Users/samialachgar/Desktop/bookstore/pkg/utils/logger.go:92: [logger.go:111] HTTP POST /api/books 201 366.792µs
[36mINFO [0m 2025/01/11 21:52:21 /Users/samialachgar/Desktop/bookstore/pkg/utils/logger.go:92: [logger.go:111] HTTP POST /api/books 201 1.119625ms
[36mINFO [0m 2025/01/11 21:52:24 /Users/samialachgar/Desktop/bookstore/pkg/utils/logger.go:92: [logger.go:111] HTTP POST /api/books 201 353.709µs
[36mINFO [0m 2025/01/11 21:52:25 /Users/samialachgar/Desktop/bookstore/pkg/utils/logger.go:92: [logger.go:111] HTTP POST /api/books 201 730.875µs
[36mINFO [0m 2025/01/11 21:53:16 /Users/samialachgar/Desktop/bookstore/pkg/utils/logger.go:92: [logger.go:111] HTTP POST /api/books 201 1.112875ms
[36mINFO [0m 2025/01/11 21:53:18 /Users/samialachgar/Desktop/bookstore/pkg/utils/logger.go:92: [logger.go:111] HTTP POST /api/books 201 857.334µs
[36mINFO [0m 2025/01/11 22:01:08 /Users/samialachgar/Desktop/bookstore/pkg/utils/logger.go:92: [main.go:168] Received signal: interrupt. Initiating shutdown...
[36mINFO [0m 2025/01/11 22:01:08 /Users/samialachgar/Desktop/bookstore/pkg/utils/logger.go:92: [main.go:179] Server shutdown complete
[36mINFO [0m 2025/01/11 22:01:12 /Users/samialachgar/Desktop/bookstore/pkg/utils/logger.go:92: [main.go:158] Starting sales reporter...
[36mINFO [0m 2025/01/11 22:01:12 /Users/samialachgar/Desktop/bookstore/pkg/utils/logger.go:92: [main.go:166] Starting server on port 8080...
[36mINFO [0m 2025/01/11 22:01:34 /Users/samialachgar/Desktop/bookstore/pkg/utils/logger.go:92: [logger.go:111] HTTP POST /api/authors 500 111µs
[36mINFO [0m 2025/01/11 22:01:38 /Users/samialachgar/Desktop/bookstore/pkg/utils/logger.go:92: [logger.go:111] HTTP GET /api/authors 200 62.25µs
[36mINFO [0m 2025/01/11 22:02:13 /Users/samialachgar/Desktop/bookstore/pkg/utils/logger.go:92: [logger.go:111] HTTP DELETE /api/authors/3 204 1.525541ms
[36mINFO [0m 2025/01/11 22:02:17 /Users/samialachgar/Desktop/bookstore/pkg/utils/logger.go:92: [logger.go:111] HTTP DELETE /api/authors/3 500 92.125µs
[36mINFO [0m 2025/01/11 22:03:12 /Users/samialachgar/Desktop/bookstore/pkg/utils/logger.go:92: [logger.go:111] HTTP POST /api/authors 201 320.125µs
[36mINFO [0m 2025/01/11 22:03:20 /Users/samialachgar/Desktop/bookstore/pkg/utils/logger.go:92: [logger.go:111] HTTP POST /api/books 201 332.958µs
[36mINFO [0m 2025/01/11 22:03:28 /Users/samialachgar/Desktop/bookstore/pkg/utils/logger.go:92: [logger.go:111] HTTP DELETE /api/authors/1 409 43.167µs
[36mINFO [0m 2025/01/11 22:11:37 C:/Users/PRO/Documents/GoProjects/bookstore_final/bookstore/pkg/utils/logger.go:92: [main.go:158] Starting sales reporter...
[36mINFO [0m 2025/01/11 22:11:37 C:/Users/PRO/Documents/GoProjects/bookstore_final/bookstore/pkg/utils/logger.go:92: [main.go:166] Starting server on port 8080...
[31mERROR[0m 2025/01/11 22:11:37 C:/Users/PRO/Documents/GoProjects/bookstore_final/bookstore/pkg/utils/logger.go:92: [main.go:168] Server failed: listen tcp :8080: bind: Only one usage of each socket address (protocol/network address/port) is normally permitted.
[36mINFO [0m 2025/01/11 22:11:54 C:/Users/PRO/Documents/GoProjects/bookstore_final/bookstore/pkg/utils/logger.go:92: [main.go:158] Starting sales reporter...
[36mINFO [0m 2025/01/11 22:11:54 C:/Users/PRO/Documents/GoProjects/bookstore_final/bookstore/pkg/utils/logger.go:92: [main.go:166] Starting server on port 8080...
[36mINFO [0m 2025/01/11 22:12:17 C:/Users/PRO/Documents/GoProjects/bookstore_final/bookstore/pkg/utils/logger.go:92: [logger.go:111] HTTP POST /api/books 201 2.4605ms
[36mINFO [0m 2025/01/11 22:12:25 C:/Users/PRO/Documents/GoProjects/bookstore_final/bookstore/pkg/utils/logger.go:92: [logger.go:111] HTTP POST /api/books 201 1.4089ms
[36mINFO [0m 2025/01/11 22:12:32 C:/Users/PRO/Documents/GoProjects/bookstore_final/bookstore/pkg/utils/logger.go:92: [logger.go:111] HTTP DELETE /api/books 404 0s
[36mINFO [0m 2025/01/11 22:12:45 C:/Users/PRO/Documents/GoProjects/bookstore_final/bookstore/pkg/utils/logger.go:92: [logger.go:111] HTTP DELETE /api/books/1 204 1.041ms
[36mINFO [0m 2025/01/11 22:13:45 C:/Users/PRO/Documents/GoProjects/bookstore_final/bookstore/pkg/utils/logger.go:92: [logger.go:111] HTTP DELETE /api/authors 404 0s
[36mINFO [0m 2025/01/11 22:13:53 C:/Users/PRO/Documents/GoProjects/bookstore_final/bookstore/pkg/utils/logger.go:92: [logger.go:111] HTTP DELETE /api/authors/2 409 0s
[36mINFO [0m 2025/01/11 22:24:11 C:/Users/PRO/Documents/GoProjects/bookstore_final/bookstore/pkg/utils/logger.go:92: [main.go:178] Received signal: interrupt. Initiating shutdown...
[36mINFO [0m 2025/01/11 22:24:11 C:/Users/PRO/Documents/GoProjects/bookstore_final/bookstore/pkg/utils/logger.go:92: [main.go:190] Server shutdown complete
[36mINFO [0m 2025/01/12 15:35:37 C:/Users/PRO/Documents/GoProjects/bookstore_final/bookstore/pkg/utils/logger.go:92: [main.go:171] Starting sales reporter...
[36mINFO [0m 2025/01/12 15:35:37 C:/Users/PRO/Documents/GoProjects/bookstore_final/bookstore/pkg/utils/logger.go:92: [main.go:179] Starting server on port 8080...
[36mINFO [0m 2025/01/12 15:37:42 C:/Users/PRO/Documents/GoProjects/bookstore_final/bookstore/pkg/utils/logger.go:92: [logger.go:111] HTTP POST /api/authors 201 4.8614ms
[36mINFO [0m 2025/01/12 15:45:38 C:/Users/PRO/Documents/GoProjects/bookstore_final/bookstore/pkg/utils/logger.go:92: [main.go:191] Received signal: interrupt. Initiating shutdown...
[36mINFO [0m 2025/01/12 15:45:38 C:/Users/PRO/Documents/GoProjects/bookstore_final/bookstore/pkg/utils/logger.go:92: [main.go:203] Server shutdown complete
[36mINFO [0m 2025/01/12 16:13:29 C:/Users/PRO/Documents/GoProjects/bookstore_final/bookstore/pkg/utils/logger.go:92: [main.go:150] Starting sales reporter...
[36mINFO [0m 2025/01/12 16:13:29 C:/Users/PRO/Documents/GoProjects/bookstore_final/bookstore/pkg/utils/logger.go:92: [main.go:157] Starting server on port 8080...
[36mINFO [0m 2025/01/12 16:19:16 C:/Users/PRO/Documents/GoProjects/bookstore_final/bookstore/pkg/utils/logger.go:92: [main.go:168] Received signal: interrupt. Initiating shutdown...
[36mINFO [0m 2025/01/12 16:19:16 C:/Users/PRO/Documents/GoProjects/bookstore_final/bookstore/pkg/utils/logger.go:92: [main.go:179] Server shutdown complete
[36mINFO [0m 2025/01/12 16:21:42 C:/Users/PRO/Documents/GoProjects/bookstore_final/bookstore/pkg/utils/logger.go:92: [main.go:157] Starting server on port 8080...
[36mINFO [0m 2025/01/12 16:21:42 C:/Users/PRO/Documents/GoProjects/bookstore_final/bookstore/pkg/utils/logger.go:92: [main.go:150] Starting sales reporter...
[36mINFO [0m 2025/01/12 16:27:23 C:/Users/PRO/Documents/GoProjects/bookstore_final/bookstore/pkg/utils/logger.go:92: [logger.go:111] HTTP GET /ping 200 0s
[36mINFO [0m 2025/01/12 16:27:23 C:/Users/PRO/Documents/GoProjects/bookstore_final/bookstore/pkg/utils/logger.go:92: [logger.go:111] HTTP POST /api/login 200 1.5119ms
[36mINFO [0m 2025/01/12 16:27:23 C:/Users/PRO/Documents/GoProjects/bookstore_final/bookstore/pkg/utils/logger.go:92: [logger.go:111] HTTP POST /api/authors 201 8.0124ms
[36mINFO [0m 2025/01/12 16:27:23 C:/Users/PRO/Documents/GoProjects/bookstore_final/bookstore/pkg/utils/logger.go:92: [logger.go:111] HTTP GET /api/authors 200 1.6726ms
[36mINFO [0m 2025/01/12 16:27:23 C:/Users/PRO/Documents/GoProjects/bookstore_final/bookstore/pkg/utils/logger.go:92: [logger.go:111] HTTP POST /api/authors 201 3.7404ms
[36mINFO [0m 2025/01/12 16:27:23 C:/Users/PRO/Documents/GoProjects/bookstore_final/bookstore/pkg/utils/logger.go:92: [logger.go:111] HTTP GET /api/authors 200 1.9489ms
[36mINFO [0m 2025/01/12 16:27:23 C:/Users/PRO/Documents/GoProjects/bookstore_final/bookstore/pkg/utils/logger.go:92: [logger.go:111] HTTP GET /api/authors/1 200 2.8138ms
[36mINFO [0m 2025/01/12 16:27:23 C:/Users/PRO/Documents/GoProjects/bookstore_final/bookstore/pkg/utils/logger.go:92: [logger.go:111] HTTP PUT /api/authors/1 200 5.483ms
[36mINFO [0m 2025/01/12 16:27:23 C:/Users/PRO/Documents/GoProjects/bookstore_final/bookstore/pkg/utils/logger.go:92: [logger.go:111] HTTP DELETE /api/authors/2 204 16.8708ms
[36mINFO [0m 2025/01/12 16:27:24 C:/Users/PRO/Documents/GoProjects/bookstore_final/bookstore/pkg/utils/logger.go:92: [logger.go:111] HTTP POST /api/books 201 4.713ms
[36mINFO [0m 2025/01/12 16:27:24 C:/Users/PRO/Documents/GoProjects/bookstore_final/bookstore/pkg/utils/logger.go:92: [logger.go:111] HTTP GET /api/books 200 505.1µs
[36mINFO [0m 2025/01/12 16:27:24 C:/Users/PRO/Documents/GoProjects/bookstore_final/bookstore/pkg/utils/logger.go:92: [logger.go:111] HTTP POST /api/books 201 3.5005ms
[36mINFO [0m 2025/01/12 16:27:24 C:/Users/PRO/Documents/GoProjects/bookstore_final/bookstore/pkg/utils/logger.go:92: [logger.go:111] HTTP GET /api/books 200 1.3663ms
[36mINFO [0m 2025/01/12 16:27:24 C:/Users/PRO/Documents/GoProjects/bookstore_final/bookstore/pkg/utils/logger.go:92: [logger.go:111] HTTP PUT /api/books/1 200 2.8467ms
[36mINFO [0m 2025/01/12 16:27:24 C:/Users/PRO/Documents/GoProjects/bookstore_final/bookstore/pkg/utils/logger.go:92: [logger.go:111] HTTP GET /api/books/1 200 2.9384ms
[36mINFO [0m 2025/01/12 16:27:24 C:/Users/PRO/Documents/GoProjects/bookstore_final/bookstore/pkg/utils/logger.go:92: [logger.go:111] HTTP GET /api/books 200 4.3282ms
[36mINFO [0m 2025/01/12 16:27:24 C:/Users/PRO/Documents/GoProjects/bookstore_final/bookstore/pkg/utils/logger.go:92: [logger.go:111] HTTP DELETE /api/books/1 204 7.4553ms
[36mINFO [0m 2025/01/12 16:27:24 C:/Users/PRO/Documents/GoProjects/bookstore_final/bookstore/pkg/utils/logger.go:92: [logger.go:111] HTTP POST /api/customers 201 8.3425ms
[36mINFO [0m 2025/01/12 16:27:24 C:/Users/PRO/Documents/GoProjects/bookstore_final/bookstore/pkg/utils/logger.go:92: [logger.go:111] HTTP GET /api/customers 200 1.6956ms
[36mINFO [0m 2025/01/12 16:27:24 C:/Users/PRO/Documents/GoProjects/bookstore_final/bookstore/pkg/utils/logger.go:92: [logger.go:111] HTTP PUT /api/customers/1 400 0s
[36mINFO [0m 2025/01/12 16:27:24 C:/Users/PRO/Documents/GoProjects/bookstore_final/bookstore/pkg/utils/logger.go:92: [logger.go:111] HTTP GET /api/customers/1 400 0s
[36mINFO [0m 2025/01/12 16:27:25 C:/Users/PRO/Documents/GoProjects/bookstore_final/bookstore/pkg/utils/logger.go:92: [logger.go:111] HTTP POST /api/orders 201 13.3357ms
[36mINFO [0m 2025/01/12 16:27:25 C:/Users/PRO/Documents/GoProjects/bookstore_final/bookstore/pkg/utils/logger.go:92: [logger.go:111] HTTP GET /api/orders 200 14.8843ms
[36mINFO [0m 2025/01/12 16:27:25 C:/Users/PRO/Documents/GoProjects/bookstore_final/bookstore/pkg/utils/logger.go:92: [logger.go:111] HTTP PUT /api/orders/1 400 0s
[36mINFO [0m 2025/01/12 16:27:25 C:/Users/PRO/Documents/GoProjects/bookstore_final/bookstore/pkg/utils/logger.go:92: [logger.go:111] HTTP GET /api/orders/1 400 0s
[36mINFO [0m 2025/01/12 16:27:25 C:/Users/PRO/Documents/GoProjects/bookstore_final/bookstore/pkg/utils/logger.go:92: [logger.go:111] HTTP DELETE /api/orders/1 400 0s
[36mINFO [0m 2025/01/12 16:27:25 C:/Users/PRO/Documents/GoProjects/bookstore_final/bookstore/pkg/utils/logger.go:92: [logger.go:111] HTTP GET /api/reports/sales 200 0s
[36mINFO [0m 2025/01/12 16:35:40 C:/Users/PRO/Documents/GoProjects/bookstore_final/bookstore/pkg/utils/logger.go:92: [main.go:168] Received signal: interrupt. Initiating shutdown...
[36mINFO [0m 2025/01/12 16:35:40 C:/Users/PRO/Documents/GoProjects/bookstore_final/bookstore/pkg/utils/logger.go:92: [main.go:179] Server shutdown complete
[36mINFO [0m 2025/01/12 16:35:44 C:/Users/PRO/Documents/GoProjects/bookstore_final/bookstore/pkg/utils/logger.go:92: [main.go:157] Starting server on port 8080...
[36mINFO [0m 2025/01/12 16:35:44 C:/Users/PRO/Documents/GoProjects/bookstore_final/bookstore/pkg/utils/logger.go:92: [main.go:150] Starting sales reporter...
[36mINFO [0m 2025/01/12 16:36:45 C:/Users/PRO/Documents/GoProjects/bookstore_final/bookstore/pkg/utils/logger.go:92: [logger.go:111] HTTP GET /ping 200 0s
[36mINFO [0m 2025/01/12 16:36:45 C:/Users/PRO/Documents/GoProjects/bookstore_final/bookstore/pkg/utils/logger.go:92: [logger.go:111] HTTP POST /api/login 200 0s
[36mINFO [0m 2025/01/12 16:36:45 C:/Users/PRO/Documents/GoProjects/bookstore_final/bookstore/pkg/utils/logger.go:92: [logger.go:111] HTTP POST /api/authors 201 4.6338ms
[36mINFO [0m 2025/01/12 16:36:45 C:/Users/PRO/Documents/GoProjects/bookstore_final/bookstore/pkg/utils/logger.go:92: [logger.go:111] HTTP GET /api/authors 200 1.6408ms
[36mINFO [0m 2025/01/12 16:36:45 C:/Users/PRO/Documents/GoProjects/bookstore_final/bookstore/pkg/utils/logger.go:92: [logger.go:111] HTTP POST /api/authors 201 3.6931ms
[36mINFO [0m 2025/01/12 16:36:45 C:/Users/PRO/Documents/GoProjects/bookstore_final/bookstore/pkg/utils/logger.go:92: [logger.go:111] HTTP GET /api/authors 200 1.4877ms
[36mINFO [0m 2025/01/12 16:36:45 C:/Users/PRO/Documents/GoProjects/bookstore_final/bookstore/pkg/utils/logger.go:92: [logger.go:111] HTTP GET /api/authors/1 200 2.1957ms
[36mINFO [0m 2025/01/12 16:36:45 C:/Users/PRO/Documents/GoProjects/bookstore_final/bookstore/pkg/utils/logger.go:92: [logger.go:111] HTTP PUT /api/authors/1 200 1.9815ms
[36mINFO [0m 2025/01/12 16:36:45 C:/Users/PRO/Documents/GoProjects/bookstore_final/bookstore/pkg/utils/logger.go:92: [logger.go:111] HTTP DELETE /api/authors/2 204 3.9115ms
[36mINFO [0m 2025/01/12 16:36:46 C:/Users/PRO/Documents/GoProjects/bookstore_final/bookstore/pkg/utils/logger.go:92: [logger.go:111] HTTP POST /api/books 201 3.4787ms
[36mINFO [0m 2025/01/12 16:36:46 C:/Users/PRO/Documents/GoProjects/bookstore_final/bookstore/pkg/utils/logger.go:92: [logger.go:111] HTTP GET /api/books 200 1.8463ms
[36mINFO [0m 2025/01/12 16:36:46 C:/Users/PRO/Documents/GoProjects/bookstore_final/bookstore/pkg/utils/logger.go:92: [logger.go:111] HTTP POST /api/books 201 3.5965ms
[36mINFO [0m 2025/01/12 16:36:46 C:/Users/PRO/Documents/GoProjects/bookstore_final/bookstore/pkg/utils/logger.go:92: [logger.go:111] HTTP GET /api/books 200 1.7569ms
[36mINFO [0m 2025/01/12 16:36:46 C:/Users/PRO/Documents/GoProjects/bookstore_final/bookstore/pkg/utils/logger.go:92: [logger.go:111] HTTP PUT /api/books/1 200 2.3205ms
[36mINFO [0m 2025/01/12 16:36:46 C:/Users/PRO/Documents/GoProjects/bookstore_final/bookstore/pkg/utils/logger.go:92: [logger.go:111] HTTP GET /api/books/1 404 2.5716ms
[36mINFO [0m 2025/01/12 16:36:46 C:/Users/PRO/Documents/GoProjects/bookstore_final/bookstore/pkg/utils/logger.go:92: [logger.go:111] HTTP GET /api/books 200 2.9294ms
[36mINFO [0m 2025/01/12 16:36:46 C:/Users/PRO/Documents/GoProjects/bookstore_final/bookstore/pkg/utils/logger.go:92: [logger.go:111] HTTP DELETE /api/books/1 204 2.3101ms
[36mINFO [0m 2025/01/12 16:36:46 C:/Users/PRO/Documents/GoProjects/bookstore_final/bookstore/pkg/utils/logger.go:92: [logger.go:111] HTTP POST /api/customers 201 4.0143ms
[36mINFO [0m 2025/01/12 16:36:46 C:/Users/PRO/Documents/GoProjects/bookstore_final/bookstore/pkg/utils/logger.go:92: [logger.go:111] HTTP GET /api/customers 200 1.6063ms
[36mINFO [0m 2025/01/12 16:36:46 C:/Users/PRO/Documents/GoProjects/bookstore_final/bookstore/pkg/utils/logger.go:92: [logger.go:111] HTTP PUT /api/customers/1 200 5.5569ms
[36mINFO [0m 2025/01/12 16:36:46 C:/Users/PRO/Documents/GoProjects/bookstore_final/bookstore/pkg/utils/logger.go:92: [logger.go:111] HTTP GET /api/customers/1 200 2.453ms
[36mINFO [0m 2025/01/12 16:36:47 C:/Users/PRO/Documents/GoProjects/bookstore_final/bookstore/pkg/utils/logger.go:92: [logger.go:111] HTTP POST /api/orders 201 14.109ms
[36mINFO [0m 2025/01/12 16:36:47 C:/Users/PRO/Documents/GoProjects/bookstore_final/bookstore/pkg/utils/logger.go:92: [logger.go:111] HTTP GET /api/orders 200 6.3113ms
[36mINFO [0m 2025/01/12 16:36:47 C:/Users/PRO/Documents/GoProjects/bookstore_final/bookstore/pkg/utils/logger.go:92: [logger.go:111] HTTP PUT /api/orders/1 200 19.9705ms
[36mINFO [0m 2025/01/12 16:36:47 C:/Users/PRO/Documents/GoProjects/bookstore_final/bookstore/pkg/utils/logger.go:92: [logger.go:111] HTTP GET /api/orders/1 200 5.5183ms
[36mINFO [0m 2025/01/12 16:36:47 C:/Users/PRO/Documents/GoProjects/bookstore_final/bookstore/pkg/utils/logger.go:92: [logger.go:111] HTTP DELETE /api/orders/1 204 11.0649ms
[36mINFO [0m 2025/01/12 16:36:47 C:/Users/PRO/Documents/GoProjects/bookstore_final/bookstore/pkg/utils/logger.go:92: [logger.go:111] HTTP GET /api/reports/sales 200 0s
